C:\MY DOCUMENTS\VISUAL STUDIO 2012\PROJECTS\SNAKE\SNAKE\DEBUG\APP.OBJ
C:\MY DOCUMENTS\VISUAL STUDIO 2012\PROJECTS\SNAKE\SNAKE\DEBUG\APPRESOURCES.OBJ
C:\MY DOCUMENTS\VISUAL STUDIO 2012\PROJECTS\SNAKE\SNAKE\DEBUG\BUTTON.OBJ
C:\MY DOCUMENTS\VISUAL STUDIO 2012\PROJECTS\SNAKE\SNAKE\DEBUG\FIELD.OBJ
C:\MY DOCUMENTS\VISUAL STUDIO 2012\PROJECTS\SNAKE\SNAKE\DEBUG\GAME.OBJ
C:\MY DOCUMENTS\VISUAL STUDIO 2012\PROJECTS\SNAKE\SNAKE\DEBUG\HUD.OBJ
C:\MY DOCUMENTS\VISUAL STUDIO 2012\PROJECTS\SNAKE\SNAKE\DEBUG\MAIN.OBJ
C:\MY DOCUMENTS\VISUAL STUDIO 2012\PROJECTS\SNAKE\SNAKE\DEBUG\MENU.OBJ
C:\MY DOCUMENTS\VISUAL STUDIO 2012\PROJECTS\SNAKE\SNAKE\DEBUG\PLAYER.OBJ
C:\MY DOCUMENTS\VISUAL STUDIO 2012\PROJECTS\SNAKE\SNAKE\DEBUG\TEXT.OBJ
C:\MY DOCUMENTS\VISUAL STUDIO 2012\PROJECTS\SNAKE\SNAKE\DEBUG\VC110.PDB
C:\MY DOCUMENTS\VISUAL STUDIO 2012\PROJECTS\SNAKE\SNAKE\DEBUG\FOOD.OBJ
C:\MY DOCUMENTS\VISUAL STUDIO 2012\PROJECTS\SNAKE\DEBUG\SNAKE.ILK
C:\MY DOCUMENTS\VISUAL STUDIO 2012\PROJECTS\SNAKE\DEBUG\SNAKE.EXE
C:\MY DOCUMENTS\VISUAL STUDIO 2012\PROJECTS\SNAKE\DEBUG\SNAKE.PDB
C:\My documents\Visual Studio 2012\Projects\Snake\Snake\Debug\App.obj
C:\My documents\Visual Studio 2012\Projects\Snake\Snake\Debug\AppResources.obj
C:\My documents\Visual Studio 2012\Projects\Snake\Snake\Debug\Button.obj
C:\My documents\Visual Studio 2012\Projects\Snake\Snake\Debug\Field.obj
C:\My documents\Visual Studio 2012\Projects\Snake\Snake\Debug\Food.obj
C:\My documents\Visual Studio 2012\Projects\Snake\Snake\Debug\Game.obj
C:\My documents\Visual Studio 2012\Projects\Snake\Snake\Debug\HUD.obj
C:\My documents\Visual Studio 2012\Projects\Snake\Snake\Debug\Main.obj
C:\My documents\Visual Studio 2012\Projects\Snake\Snake\Debug\Menu.obj
C:\My documents\Visual Studio 2012\Projects\Snake\Snake\Debug\Player.obj
C:\My documents\Visual Studio 2012\Projects\Snake\Snake\Debug\Text.obj
C:\My documents\Visual Studio 2012\Projects\Snake\Snake\Debug\cl.command.1.tlog
C:\My documents\Visual Studio 2012\Projects\Snake\Snake\Debug\CL.read.1.tlog
C:\My documents\Visual Studio 2012\Projects\Snake\Snake\Debug\CL.write.1.tlog
C:\My documents\Visual Studio 2012\Projects\Snake\Snake\Debug\link-cvtres.read.1.tlog
C:\My documents\Visual Studio 2012\Projects\Snake\Snake\Debug\link-cvtres.write.1.tlog
C:\My documents\Visual Studio 2012\Projects\Snake\Snake\Debug\link-rc.read.1.tlog
C:\My documents\Visual Studio 2012\Projects\Snake\Snake\Debug\link-rc.write.1.tlog
C:\My documents\Visual Studio 2012\Projects\Snake\Snake\Debug\link.1228-cvtres.read.1.tlog
C:\My documents\Visual Studio 2012\Projects\Snake\Snake\Debug\link.1228-cvtres.write.1.tlog
C:\My documents\Visual Studio 2012\Projects\Snake\Snake\Debug\link.1228-rc.read.1.tlog
C:\My documents\Visual Studio 2012\Projects\Snake\Snake\Debug\link.1228-rc.write.1.tlog
C:\My documents\Visual Studio 2012\Projects\Snake\Snake\Debug\link.1228.read.1.tlog
C:\My documents\Visual Studio 2012\Projects\Snake\Snake\Debug\link.1228.write.1.tlog
C:\My documents\Visual Studio 2012\Projects\Snake\Snake\Debug\link.1748-cvtres.read.1.tlog
C:\My documents\Visual Studio 2012\Projects\Snake\Snake\Debug\link.1748-cvtres.write.1.tlog
C:\My documents\Visual Studio 2012\Projects\Snake\Snake\Debug\link.1748-rc.read.1.tlog
C:\My documents\Visual Studio 2012\Projects\Snake\Snake\Debug\link.1748-rc.write.1.tlog
C:\My documents\Visual Studio 2012\Projects\Snake\Snake\Debug\link.1748.read.1.tlog
C:\My documents\Visual Studio 2012\Projects\Snake\Snake\Debug\link.1748.write.1.tlog
C:\My documents\Visual Studio 2012\Projects\Snake\Snake\Debug\link.1804-cvtres.read.1.tlog
C:\My documents\Visual Studio 2012\Projects\Snake\Snake\Debug\link.1804-cvtres.write.1.tlog
C:\My documents\Visual Studio 2012\Projects\Snake\Snake\Debug\link.1804-rc.read.1.tlog
C:\My documents\Visual Studio 2012\Projects\Snake\Snake\Debug\link.1804-rc.write.1.tlog
C:\My documents\Visual Studio 2012\Projects\Snake\Snake\Debug\link.1804.read.1.tlog
C:\My documents\Visual Studio 2012\Projects\Snake\Snake\Debug\link.1804.write.1.tlog
C:\My documents\Visual Studio 2012\Projects\Snake\Snake\Debug\link.1864-cvtres.read.1.tlog
C:\My documents\Visual Studio 2012\Projects\Snake\Snake\Debug\link.1864-cvtres.write.1.tlog
C:\My documents\Visual Studio 2012\Projects\Snake\Snake\Debug\link.1864-rc.read.1.tlog
C:\My documents\Visual Studio 2012\Projects\Snake\Snake\Debug\link.1864-rc.write.1.tlog
C:\My documents\Visual Studio 2012\Projects\Snake\Snake\Debug\link.1864.read.1.tlog
C:\My documents\Visual Studio 2012\Projects\Snake\Snake\Debug\link.1864.write.1.tlog
C:\My documents\Visual Studio 2012\Projects\Snake\Snake\Debug\link.1924-cvtres.read.1.tlog
C:\My documents\Visual Studio 2012\Projects\Snake\Snake\Debug\link.1924-cvtres.write.1.tlog
C:\My documents\Visual Studio 2012\Projects\Snake\Snake\Debug\link.1924-rc.read.1.tlog
C:\My documents\Visual Studio 2012\Projects\Snake\Snake\Debug\link.1924-rc.write.1.tlog
C:\My documents\Visual Studio 2012\Projects\Snake\Snake\Debug\link.1924.read.1.tlog
C:\My documents\Visual Studio 2012\Projects\Snake\Snake\Debug\link.1924.write.1.tlog
C:\My documents\Visual Studio 2012\Projects\Snake\Snake\Debug\link.1980-cvtres.read.1.tlog
C:\My documents\Visual Studio 2012\Projects\Snake\Snake\Debug\link.1980-cvtres.write.1.tlog
C:\My documents\Visual Studio 2012\Projects\Snake\Snake\Debug\link.1980-rc.read.1.tlog
C:\My documents\Visual Studio 2012\Projects\Snake\Snake\Debug\link.1980-rc.write.1.tlog
C:\My documents\Visual Studio 2012\Projects\Snake\Snake\Debug\link.1980.read.1.tlog
C:\My documents\Visual Studio 2012\Projects\Snake\Snake\Debug\link.1980.write.1.tlog
C:\My documents\Visual Studio 2012\Projects\Snake\Snake\Debug\link.2028-cvtres.read.1.tlog
C:\My documents\Visual Studio 2012\Projects\Snake\Snake\Debug\link.2028-cvtres.write.1.tlog
C:\My documents\Visual Studio 2012\Projects\Snake\Snake\Debug\link.2028-rc.read.1.tlog
C:\My documents\Visual Studio 2012\Projects\Snake\Snake\Debug\link.2028-rc.write.1.tlog
C:\My documents\Visual Studio 2012\Projects\Snake\Snake\Debug\link.2028.read.1.tlog
C:\My documents\Visual Studio 2012\Projects\Snake\Snake\Debug\link.2028.write.1.tlog
C:\My documents\Visual Studio 2012\Projects\Snake\Snake\Debug\link.2040-cvtres.read.1.tlog
C:\My documents\Visual Studio 2012\Projects\Snake\Snake\Debug\link.2040-cvtres.write.1.tlog
C:\My documents\Visual Studio 2012\Projects\Snake\Snake\Debug\link.2040-rc.read.1.tlog
C:\My documents\Visual Studio 2012\Projects\Snake\Snake\Debug\link.2040-rc.write.1.tlog
C:\My documents\Visual Studio 2012\Projects\Snake\Snake\Debug\link.2040.read.1.tlog
C:\My documents\Visual Studio 2012\Projects\Snake\Snake\Debug\link.2040.write.1.tlog
C:\My documents\Visual Studio 2012\Projects\Snake\Snake\Debug\link.2144-cvtres.read.1.tlog
C:\My documents\Visual Studio 2012\Projects\Snake\Snake\Debug\link.2144-cvtres.write.1.tlog
C:\My documents\Visual Studio 2012\Projects\Snake\Snake\Debug\link.2144-rc.read.1.tlog
C:\My documents\Visual Studio 2012\Projects\Snake\Snake\Debug\link.2144-rc.write.1.tlog
C:\My documents\Visual Studio 2012\Projects\Snake\Snake\Debug\link.2144.read.1.tlog
C:\My documents\Visual Studio 2012\Projects\Snake\Snake\Debug\link.2144.write.1.tlog
C:\My documents\Visual Studio 2012\Projects\Snake\Snake\Debug\link.3392-cvtres.read.1.tlog
C:\My documents\Visual Studio 2012\Projects\Snake\Snake\Debug\link.3392-cvtres.write.1.tlog
C:\My documents\Visual Studio 2012\Projects\Snake\Snake\Debug\link.3392-rc.read.1.tlog
C:\My documents\Visual Studio 2012\Projects\Snake\Snake\Debug\link.3392-rc.write.1.tlog
C:\My documents\Visual Studio 2012\Projects\Snake\Snake\Debug\link.3392.read.1.tlog
C:\My documents\Visual Studio 2012\Projects\Snake\Snake\Debug\link.3392.write.1.tlog
C:\My documents\Visual Studio 2012\Projects\Snake\Snake\Debug\link.4308-cvtres.read.1.tlog
C:\My documents\Visual Studio 2012\Projects\Snake\Snake\Debug\link.4308-cvtres.write.1.tlog
C:\My documents\Visual Studio 2012\Projects\Snake\Snake\Debug\link.4308-rc.read.1.tlog
C:\My documents\Visual Studio 2012\Projects\Snake\Snake\Debug\link.4308-rc.write.1.tlog
C:\My documents\Visual Studio 2012\Projects\Snake\Snake\Debug\link.4308.read.1.tlog
C:\My documents\Visual Studio 2012\Projects\Snake\Snake\Debug\link.4308.write.1.tlog
C:\My documents\Visual Studio 2012\Projects\Snake\Snake\Debug\link.4456-cvtres.read.1.tlog
C:\My documents\Visual Studio 2012\Projects\Snake\Snake\Debug\link.4456-cvtres.write.1.tlog
C:\My documents\Visual Studio 2012\Projects\Snake\Snake\Debug\link.4456-rc.read.1.tlog
C:\My documents\Visual Studio 2012\Projects\Snake\Snake\Debug\link.4456-rc.write.1.tlog
C:\My documents\Visual Studio 2012\Projects\Snake\Snake\Debug\link.4456.read.1.tlog
C:\My documents\Visual Studio 2012\Projects\Snake\Snake\Debug\link.4456.write.1.tlog
C:\My documents\Visual Studio 2012\Projects\Snake\Snake\Debug\link.4748-cvtres.read.1.tlog
C:\My documents\Visual Studio 2012\Projects\Snake\Snake\Debug\link.4748-cvtres.write.1.tlog
C:\My documents\Visual Studio 2012\Projects\Snake\Snake\Debug\link.4748-rc.read.1.tlog
C:\My documents\Visual Studio 2012\Projects\Snake\Snake\Debug\link.4748-rc.write.1.tlog
C:\My documents\Visual Studio 2012\Projects\Snake\Snake\Debug\link.4748.read.1.tlog
C:\My documents\Visual Studio 2012\Projects\Snake\Snake\Debug\link.4748.write.1.tlog
C:\My documents\Visual Studio 2012\Projects\Snake\Snake\Debug\link.4840-cvtres.read.1.tlog
C:\My documents\Visual Studio 2012\Projects\Snake\Snake\Debug\link.4840-cvtres.write.1.tlog
C:\My documents\Visual Studio 2012\Projects\Snake\Snake\Debug\link.4840-rc.read.1.tlog
C:\My documents\Visual Studio 2012\Projects\Snake\Snake\Debug\link.4840-rc.write.1.tlog
C:\My documents\Visual Studio 2012\Projects\Snake\Snake\Debug\link.4840.read.1.tlog
C:\My documents\Visual Studio 2012\Projects\Snake\Snake\Debug\link.4840.write.1.tlog
C:\My documents\Visual Studio 2012\Projects\Snake\Snake\Debug\link.4976-cvtres.read.1.tlog
C:\My documents\Visual Studio 2012\Projects\Snake\Snake\Debug\link.4976-cvtres.write.1.tlog
C:\My documents\Visual Studio 2012\Projects\Snake\Snake\Debug\link.4976-rc.read.1.tlog
C:\My documents\Visual Studio 2012\Projects\Snake\Snake\Debug\link.4976-rc.write.1.tlog
C:\My documents\Visual Studio 2012\Projects\Snake\Snake\Debug\link.4976.read.1.tlog
C:\My documents\Visual Studio 2012\Projects\Snake\Snake\Debug\link.4976.write.1.tlog
C:\My documents\Visual Studio 2012\Projects\Snake\Snake\Debug\link.5244-cvtres.read.1.tlog
C:\My documents\Visual Studio 2012\Projects\Snake\Snake\Debug\link.5244-cvtres.write.1.tlog
C:\My documents\Visual Studio 2012\Projects\Snake\Snake\Debug\link.5244-rc.read.1.tlog
C:\My documents\Visual Studio 2012\Projects\Snake\Snake\Debug\link.5244-rc.write.1.tlog
C:\My documents\Visual Studio 2012\Projects\Snake\Snake\Debug\link.5244.read.1.tlog
C:\My documents\Visual Studio 2012\Projects\Snake\Snake\Debug\link.5244.write.1.tlog
C:\My documents\Visual Studio 2012\Projects\Snake\Snake\Debug\link.5480-cvtres.read.1.tlog
C:\My documents\Visual Studio 2012\Projects\Snake\Snake\Debug\link.5480-cvtres.write.1.tlog
C:\My documents\Visual Studio 2012\Projects\Snake\Snake\Debug\link.5480-rc.read.1.tlog
C:\My documents\Visual Studio 2012\Projects\Snake\Snake\Debug\link.5480-rc.write.1.tlog
C:\My documents\Visual Studio 2012\Projects\Snake\Snake\Debug\link.5480.read.1.tlog
C:\My documents\Visual Studio 2012\Projects\Snake\Snake\Debug\link.5480.write.1.tlog
C:\My documents\Visual Studio 2012\Projects\Snake\Snake\Debug\link.5716-cvtres.read.1.tlog
C:\My documents\Visual Studio 2012\Projects\Snake\Snake\Debug\link.5716-cvtres.write.1.tlog
C:\My documents\Visual Studio 2012\Projects\Snake\Snake\Debug\link.5716-rc.read.1.tlog
C:\My documents\Visual Studio 2012\Projects\Snake\Snake\Debug\link.5716-rc.write.1.tlog
C:\My documents\Visual Studio 2012\Projects\Snake\Snake\Debug\link.5716.read.1.tlog
C:\My documents\Visual Studio 2012\Projects\Snake\Snake\Debug\link.5716.write.1.tlog
C:\My documents\Visual Studio 2012\Projects\Snake\Snake\Debug\link.584-cvtres.read.1.tlog
C:\My documents\Visual Studio 2012\Projects\Snake\Snake\Debug\link.584-cvtres.write.1.tlog
C:\My documents\Visual Studio 2012\Projects\Snake\Snake\Debug\link.584-rc.read.1.tlog
C:\My documents\Visual Studio 2012\Projects\Snake\Snake\Debug\link.584-rc.write.1.tlog
C:\My documents\Visual Studio 2012\Projects\Snake\Snake\Debug\link.584.read.1.tlog
C:\My documents\Visual Studio 2012\Projects\Snake\Snake\Debug\link.584.write.1.tlog
C:\My documents\Visual Studio 2012\Projects\Snake\Snake\Debug\link.6032-cvtres.read.1.tlog
C:\My documents\Visual Studio 2012\Projects\Snake\Snake\Debug\link.6032-cvtres.write.1.tlog
C:\My documents\Visual Studio 2012\Projects\Snake\Snake\Debug\link.6032-rc.read.1.tlog
C:\My documents\Visual Studio 2012\Projects\Snake\Snake\Debug\link.6032-rc.write.1.tlog
C:\My documents\Visual Studio 2012\Projects\Snake\Snake\Debug\link.6032.read.1.tlog
C:\My documents\Visual Studio 2012\Projects\Snake\Snake\Debug\link.6032.write.1.tlog
C:\My documents\Visual Studio 2012\Projects\Snake\Snake\Debug\link.6628-cvtres.read.1.tlog
C:\My documents\Visual Studio 2012\Projects\Snake\Snake\Debug\link.6628-cvtres.write.1.tlog
C:\My documents\Visual Studio 2012\Projects\Snake\Snake\Debug\link.6628-rc.read.1.tlog
C:\My documents\Visual Studio 2012\Projects\Snake\Snake\Debug\link.6628-rc.write.1.tlog
C:\My documents\Visual Studio 2012\Projects\Snake\Snake\Debug\link.6628.read.1.tlog
C:\My documents\Visual Studio 2012\Projects\Snake\Snake\Debug\link.6628.write.1.tlog
C:\My documents\Visual Studio 2012\Projects\Snake\Snake\Debug\link.6708-cvtres.read.1.tlog
C:\My documents\Visual Studio 2012\Projects\Snake\Snake\Debug\link.6708-cvtres.write.1.tlog
C:\My documents\Visual Studio 2012\Projects\Snake\Snake\Debug\link.6708-rc.read.1.tlog
C:\My documents\Visual Studio 2012\Projects\Snake\Snake\Debug\link.6708-rc.write.1.tlog
C:\My documents\Visual Studio 2012\Projects\Snake\Snake\Debug\link.6708.read.1.tlog
C:\My documents\Visual Studio 2012\Projects\Snake\Snake\Debug\link.6708.write.1.tlog
C:\My documents\Visual Studio 2012\Projects\Snake\Snake\Debug\link.6716-cvtres.read.1.tlog
C:\My documents\Visual Studio 2012\Projects\Snake\Snake\Debug\link.6716-cvtres.write.1.tlog
C:\My documents\Visual Studio 2012\Projects\Snake\Snake\Debug\link.6716-rc.read.1.tlog
C:\My documents\Visual Studio 2012\Projects\Snake\Snake\Debug\link.6716-rc.write.1.tlog
C:\My documents\Visual Studio 2012\Projects\Snake\Snake\Debug\link.6716.read.1.tlog
C:\My documents\Visual Studio 2012\Projects\Snake\Snake\Debug\link.6716.write.1.tlog
C:\My documents\Visual Studio 2012\Projects\Snake\Snake\Debug\link.7016-cvtres.read.1.tlog
C:\My documents\Visual Studio 2012\Projects\Snake\Snake\Debug\link.7016-cvtres.write.1.tlog
C:\My documents\Visual Studio 2012\Projects\Snake\Snake\Debug\link.7016-rc.read.1.tlog
C:\My documents\Visual Studio 2012\Projects\Snake\Snake\Debug\link.7016-rc.write.1.tlog
C:\My documents\Visual Studio 2012\Projects\Snake\Snake\Debug\link.7016.read.1.tlog
C:\My documents\Visual Studio 2012\Projects\Snake\Snake\Debug\link.7016.write.1.tlog
C:\My documents\Visual Studio 2012\Projects\Snake\Snake\Debug\link.7356-cvtres.read.1.tlog
C:\My documents\Visual Studio 2012\Projects\Snake\Snake\Debug\link.7356-cvtres.write.1.tlog
C:\My documents\Visual Studio 2012\Projects\Snake\Snake\Debug\link.7356-rc.read.1.tlog
C:\My documents\Visual Studio 2012\Projects\Snake\Snake\Debug\link.7356-rc.write.1.tlog
C:\My documents\Visual Studio 2012\Projects\Snake\Snake\Debug\link.7356.read.1.tlog
C:\My documents\Visual Studio 2012\Projects\Snake\Snake\Debug\link.7356.write.1.tlog
C:\My documents\Visual Studio 2012\Projects\Snake\Snake\Debug\link.7380-cvtres.read.1.tlog
C:\My documents\Visual Studio 2012\Projects\Snake\Snake\Debug\link.7380-cvtres.write.1.tlog
C:\My documents\Visual Studio 2012\Projects\Snake\Snake\Debug\link.7380-rc.read.1.tlog
C:\My documents\Visual Studio 2012\Projects\Snake\Snake\Debug\link.7380-rc.write.1.tlog
C:\My documents\Visual Studio 2012\Projects\Snake\Snake\Debug\link.7380.read.1.tlog
C:\My documents\Visual Studio 2012\Projects\Snake\Snake\Debug\link.7380.write.1.tlog
C:\My documents\Visual Studio 2012\Projects\Snake\Snake\Debug\link.8176-cvtres.read.1.tlog
C:\My documents\Visual Studio 2012\Projects\Snake\Snake\Debug\link.8176-cvtres.write.1.tlog
C:\My documents\Visual Studio 2012\Projects\Snake\Snake\Debug\link.8176-rc.read.1.tlog
C:\My documents\Visual Studio 2012\Projects\Snake\Snake\Debug\link.8176-rc.write.1.tlog
C:\My documents\Visual Studio 2012\Projects\Snake\Snake\Debug\link.8176.read.1.tlog
C:\My documents\Visual Studio 2012\Projects\Snake\Snake\Debug\link.8176.write.1.tlog
C:\My documents\Visual Studio 2012\Projects\Snake\Snake\Debug\link.command.1.tlog
C:\My documents\Visual Studio 2012\Projects\Snake\Snake\Debug\link.read.1.tlog
C:\My documents\Visual Studio 2012\Projects\Snake\Snake\Debug\link.write.1.tlog
C:\My documents\Visual Studio 2012\Projects\Snake\Snake\Debug\vc110.idb
C:\My documents\Visual Studio 2012\Projects\Snake\Snake\Debug\vc110.pdb
C:\My documents\Visual Studio 2012\Projects\Snake\Debug\Snake.pdb
C:\My documents\Visual Studio 2012\Projects\Snake\Debug\Snake.exe
C:\My documents\Visual Studio 2012\Projects\Snake\Debug\Snake.ilk
