C:\MY DOCUMENTS\VISUAL STUDIO 2012\PROJECTS\SNAKE\SNAKE\RELEASE\TEXT.OBJ
C:\MY DOCUMENTS\VISUAL STUDIO 2012\PROJECTS\SNAKE\SNAKE\RELEASE\PLAYER.OBJ
C:\MY DOCUMENTS\VISUAL STUDIO 2012\PROJECTS\SNAKE\SNAKE\RELEASE\MENU.OBJ
C:\MY DOCUMENTS\VISUAL STUDIO 2012\PROJECTS\SNAKE\SNAKE\RELEASE\MAIN.OBJ
C:\MY DOCUMENTS\VISUAL STUDIO 2012\PROJECTS\SNAKE\SNAKE\RELEASE\HUD.OBJ
C:\MY DOCUMENTS\VISUAL STUDIO 2012\PROJECTS\SNAKE\SNAKE\RELEASE\GAME.OBJ
C:\MY DOCUMENTS\VISUAL STUDIO 2012\PROJECTS\SNAKE\SNAKE\RELEASE\FOOD.OBJ
C:\MY DOCUMENTS\VISUAL STUDIO 2012\PROJECTS\SNAKE\SNAKE\RELEASE\FIELD.OBJ
C:\MY DOCUMENTS\VISUAL STUDIO 2012\PROJECTS\SNAKE\SNAKE\RELEASE\BUTTON.OBJ
C:\MY DOCUMENTS\VISUAL STUDIO 2012\PROJECTS\SNAKE\SNAKE\RELEASE\APPRESOURCES.OBJ
C:\MY DOCUMENTS\VISUAL STUDIO 2012\PROJECTS\SNAKE\SNAKE\RELEASE\APP.OBJ
C:\MY DOCUMENTS\VISUAL STUDIO 2012\PROJECTS\SNAKE\SNAKE\RELEASE\VC110.PDB
C:\MY DOCUMENTS\VISUAL STUDIO 2012\PROJECTS\SNAKE\RELEASE\SNAKE.EXE
C:\MY DOCUMENTS\VISUAL STUDIO 2012\PROJECTS\SNAKE\RELEASE\SNAKE.PDB
C:\My documents\Visual Studio 2012\Projects\Snake\Snake\Release\App.obj
C:\My documents\Visual Studio 2012\Projects\Snake\Snake\Release\AppResources.obj
C:\My documents\Visual Studio 2012\Projects\Snake\Snake\Release\Button.obj
C:\My documents\Visual Studio 2012\Projects\Snake\Snake\Release\Field.obj
C:\My documents\Visual Studio 2012\Projects\Snake\Snake\Release\Food.obj
C:\My documents\Visual Studio 2012\Projects\Snake\Snake\Release\Game.obj
C:\My documents\Visual Studio 2012\Projects\Snake\Snake\Release\HUD.obj
C:\My documents\Visual Studio 2012\Projects\Snake\Snake\Release\Main.obj
C:\My documents\Visual Studio 2012\Projects\Snake\Snake\Release\Menu.obj
C:\My documents\Visual Studio 2012\Projects\Snake\Snake\Release\Player.obj
C:\My documents\Visual Studio 2012\Projects\Snake\Snake\Release\Text.obj
C:\My documents\Visual Studio 2012\Projects\Snake\Snake\Release\cl.command.1.tlog
C:\My documents\Visual Studio 2012\Projects\Snake\Snake\Release\CL.read.1.tlog
C:\My documents\Visual Studio 2012\Projects\Snake\Snake\Release\CL.write.1.tlog
C:\My documents\Visual Studio 2012\Projects\Snake\Snake\Release\link-cvtres.read.1.tlog
C:\My documents\Visual Studio 2012\Projects\Snake\Snake\Release\link-cvtres.write.1.tlog
C:\My documents\Visual Studio 2012\Projects\Snake\Snake\Release\link-rc.read.1.tlog
C:\My documents\Visual Studio 2012\Projects\Snake\Snake\Release\link-rc.write.1.tlog
C:\My documents\Visual Studio 2012\Projects\Snake\Snake\Release\link.command.1.tlog
C:\My documents\Visual Studio 2012\Projects\Snake\Snake\Release\link.read.1.tlog
C:\My documents\Visual Studio 2012\Projects\Snake\Snake\Release\link.write.1.tlog
C:\My documents\Visual Studio 2012\Projects\Snake\Snake\Release\vc110.pdb
C:\My documents\Visual Studio 2012\Projects\Snake\Release\Snake.pdb
C:\My documents\Visual Studio 2012\Projects\Snake\Release\Snake.exe
